<?xml version="1.0" encoding="UTF-8"?>
<testsuite xmlns:xsi="http://www.w3.org/2001/XMLSchema-instance" xsi:noNamespaceSchemaLocation="https://maven.apache.org/surefire/maven-surefire-plugin/xsd/surefire-test-report-3.0.xsd" version="3.0" name="runners.TestRunner" time="6.342" tests="1" errors="0" skipped="0" failures="1">
  <properties>
[...]
</properties>
  <testcase name="feature" classname="runners.TestRunner" time="5.474">
    <failure message="org.openqa.selenium.NoSuchElementException: Unable to locate element: div.medium-down--one-half:nth-child(2) &gt; div:nth-child(1) &gt; a:nth-child(2) &gt; div:nth-child(1) &gt; span:nth-child(2)&#10;For documentation on this error, please visit: https://www.seleniumhq.org/exceptions/no_such_element.html&#10;Build info: version: &apos;3.141.59&apos;, revision: &apos;e82be7d358&apos;, time: &apos;2018-11-14T08:17:03&apos;&#10;System info: host: &apos;PC&apos;, ip: &apos;192.168.1.146&apos;, os.name: &apos;Windows 10&apos;, os.arch: &apos;amd64&apos;, os.version: &apos;10.0&apos;, java.version: &apos;1.8.0_201&apos;&#10;Driver info: org.openqa.selenium.firefox.FirefoxDriver&#10;Capabilities {acceptInsecureCerts: true, browserName: firefox, browserVersion: 79.0, javascriptEnabled: true, moz:accessibilityChecks: false, moz:buildID: 20200720193547, moz:geckodriverVersion: 0.26.0, moz:headless: false, moz:processID: 18236, moz:profile: C:\Users\chloe\AppData\Loca..., moz:shutdownTimeout: 60000, moz:useNonSpecCompliantPointerOrigin: false, moz:webdriverClick: true, pageLoadStrategy: normal, platform: WINDOWS, platformName: WINDOWS, platformVersion: 10.0, rotatable: false, setWindowRect: true, strictFileInteractability: false, timeouts: {implicit: 0, pageLoad: 300000, script: 30000}, unhandledPromptBehavior: dismiss and notify}&#10;Session ID: 421ec65e-cd6b-47ea-8529-84140bd9dfd1&#10;*** Element info: {Using=css selector, value=div.medium-down--one-half:nth-child(2) &gt; div:nth-child(1) &gt; a:nth-child(2) &gt; div:nth-child(1) &gt; span:nth-child(2)}" type="cucumber.runtime.CucumberException">cucumber.runtime.CucumberException: 
org.openqa.selenium.NoSuchElementException: Unable to locate element: div.medium-down--one-half:nth-child(2) > div:nth-child(1) > a:nth-child(2) > div:nth-child(1) > span:nth-child(2)
For documentation on this error, please visit: https://www.seleniumhq.org/exceptions/no_such_element.html
Build info: version: '3.141.59', revision: 'e82be7d358', time: '2018-11-14T08:17:03'
System info: host: 'PC', ip: '192.168.1.146', os.name: 'Windows 10', os.arch: 'amd64', os.version: '10.0', java.version: '1.8.0_201'
Driver info: org.openqa.selenium.firefox.FirefoxDriver
Capabilities {acceptInsecureCerts: true, browserName: firefox, browserVersion: 79.0, javascriptEnabled: true, moz:accessibilityChecks: false, moz:buildID: 20200720193547, moz:geckodriverVersion: 0.26.0, moz:headless: false, moz:processID: 18236, moz:profile: C:\Users\chloe\AppData\Loca..., moz:shutdownTimeout: 60000, moz:useNonSpecCompliantPointerOrigin: false, moz:webdriverClick: true, pageLoadStrategy: normal, platform: WINDOWS, platformName: WINDOWS, platformVersion: 10.0, rotatable: false, setWindowRect: true, strictFileInteractability: false, timeouts: {implicit: 0, pageLoad: 300000, script: 30000}, unhandledPromptBehavior: dismiss and notify}
Session ID: 421ec65e-cd6b-47ea-8529-84140bd9dfd1
*** Element info: {Using=css selector, value=div.medium-down--one-half:nth-child(2) > div:nth-child(1) > a:nth-child(2) > div:nth-child(1) > span:nth-child(2)}
	at runners.TestRunner.feature(TestRunner.java:30)
Caused by: org.openqa.selenium.NoSuchElementException: 
Unable to locate element: div.medium-down--one-half:nth-child(2) > div:nth-child(1) > a:nth-child(2) > div:nth-child(1) > span:nth-child(2)
For documentation on this error, please visit: https://www.seleniumhq.org/exceptions/no_such_element.html
Build info: version: '3.141.59', revision: 'e82be7d358', time: '2018-11-14T08:17:03'
System info: host: 'PC', ip: '192.168.1.146', os.name: 'Windows 10', os.arch: 'amd64', os.version: '10.0', java.version: '1.8.0_201'
Driver info: org.openqa.selenium.firefox.FirefoxDriver
Capabilities {acceptInsecureCerts: true, browserName: firefox, browserVersion: 79.0, javascriptEnabled: true, moz:accessibilityChecks: false, moz:buildID: 20200720193547, moz:geckodriverVersion: 0.26.0, moz:headless: false, moz:processID: 18236, moz:profile: C:\Users\chloe\AppData\Loca..., moz:shutdownTimeout: 60000, moz:useNonSpecCompliantPointerOrigin: false, moz:webdriverClick: true, pageLoadStrategy: normal, platform: WINDOWS, platformName: WINDOWS, platformVersion: 10.0, rotatable: false, setWindowRect: true, strictFileInteractability: false, timeouts: {implicit: 0, pageLoad: 300000, script: 30000}, unhandledPromptBehavior: dismiss and notify}
Session ID: 421ec65e-cd6b-47ea-8529-84140bd9dfd1
*** Element info: {Using=css selector, value=div.medium-down--one-half:nth-child(2) > div:nth-child(1) > a:nth-child(2) > div:nth-child(1) > span:nth-child(2)}
</failure>
    <system-out><![CDATA[Feature: I want to purchase from angemoi website

  Scenario: As a guest i want to purchase a bra from angemoi website &amp#27;[90m# login.feature:3&amp#27;[0m
    &amp#27;[32mGiven &amp#27;[0m&amp#27;[32mI am on angemoi website&amp#27;[0m                                    &amp#27;[90m# loginsteps.i_am_on_angemoi_website()&amp#27;[0m
    &amp#27;[31mWhen &amp#27;[0m&amp#27;[31mI click on "&amp#27;[0m&amp#27;[31m&amp#27;[1mbra&amp#27;[0m&amp#27;[31m" select my "&amp#27;[0m&amp#27;[31m&amp#27;[1msize&amp#27;[0m&amp#27;[31m"&amp#27;[0m                           &amp#27;[90m# loginsteps.i_click_on_select_my(String,String)&amp#27;[0m
      &amp#27;[31morg.openqa.selenium.NoSuchElementException: Unable to locate element: div.medium-down--one-half:nth-child(2) > div:nth-child(1) > a:nth-child(2) > div:nth-child(1) > span:nth-child(2)
      For documentation on this error, please visit: https://www.seleniumhq.org/exceptions/no_such_element.html
      Build info: version: '3.141.59', revision: 'e82be7d358', time: '2018-11-14T08:17:03'
      System info: host: 'PC', ip: '192.168.1.146', os.name: 'Windows 10', os.arch: 'amd64', os.version: '10.0', java.version: '1.8.0_201'
      Driver info: org.openqa.selenium.firefox.FirefoxDriver
      Capabilities {acceptInsecureCerts: true, browserName: firefox, browserVersion: 79.0, javascriptEnabled: true, moz:accessibilityChecks: false, moz:buildID: 20200720193547, moz:geckodriverVersion: 0.26.0, moz:headless: false, moz:processID: 18236, moz:profile: C:\Users\chloe\AppData\Loca..., moz:shutdownTimeout: 60000, moz:useNonSpecCompliantPointerOrigin: false, moz:webdriverClick: true, pageLoadStrategy: normal, platform: WINDOWS, platformName: WINDOWS, platformVersion: 10.0, rotatable: false, setWindowRect: true, strictFileInteractability: false, timeouts: {implicit: 0, pageLoad: 300000, script: 30000}, unhandledPromptBehavior: dismiss and notify}
      Session ID: 421ec65e-cd6b-47ea-8529-84140bd9dfd1
      *** Element info: {Using=css selector, value=div.medium-down--one-half:nth-child(2) > div:nth-child(1) > a:nth-child(2) > div:nth-child(1) > span:nth-child(2)}
      	at sun.reflect.NativeConstructorAccessorImpl.newInstance0(Native Method)
      	at sun.reflect.NativeConstructorAccessorImpl.newInstance(NativeConstructorAccessorImpl.java:62)
      	at sun.reflect.DelegatingConstructorAccessorImpl.newInstance(DelegatingConstructorAccessorImpl.java:45)
      	at java.lang.reflect.Constructor.newInstance(Constructor.java:423)
      	at org.openqa.selenium.remote.http.W3CHttpResponseCodec.createException(W3CHttpResponseCodec.java:187)
      	at org.openqa.selenium.remote.http.W3CHttpResponseCodec.decode(W3CHttpResponseCodec.java:122)
      	at org.openqa.selenium.remote.http.W3CHttpResponseCodec.decode(W3CHttpResponseCodec.java:49)
      	at org.openqa.selenium.remote.HttpCommandExecutor.execute(HttpCommandExecutor.java:158)
      	at org.openqa.selenium.remote.service.DriverCommandExecutor.execute(DriverCommandExecutor.java:83)
      	at org.openqa.selenium.remote.RemoteWebDriver.execute(RemoteWebDriver.java:552)
      	at org.openqa.selenium.remote.RemoteWebDriver.findElement(RemoteWebDriver.java:323)
      	at org.openqa.selenium.remote.RemoteWebDriver.findElementByCssSelector(RemoteWebDriver.java:420)
      	at org.openqa.selenium.By$ByCssSelector.findElement(By.java:431)
      	at org.openqa.selenium.remote.RemoteWebDriver.findElement(RemoteWebDriver.java:315)
      	at stepdefinition.loginsteps.i_click_on_select_my(loginsteps.java:24)
      	at ?.When I click on "bra" select my "size"(login.feature:6)
      &amp#27;[0m
    &amp#27;[36mAnd &amp#27;[0m&amp#27;[36mmy "&amp#27;[0m&amp#27;[36m&amp#27;[1mcolor&amp#27;[0m&amp#27;[36m" and click "&amp#27;[0m&amp#27;[36m&amp#27;[1mbuy it now&amp#27;[0m&amp#27;[36m"&amp#27;[0m                            &amp#27;[90m# loginsteps.my_and_click(String,String)&amp#27;[0m
    &amp#27;[36mThen &amp#27;[0m&amp#27;[36mI was able to click on "&amp#27;[0m&amp#27;[36m&amp#27;[1mpaypal&amp#27;[0m&amp#27;[36m" to pay&amp#27;[0m                      &amp#27;[90m# loginsteps.i_was_able_to_click_on_to_pay(String)&amp#27;[0m
]]></system-out>
    <system-err><![CDATA[1606135682282	mozrunner::runner	INFO	Running command: "C:\\Program Files\\Mozilla Firefox\\firefox.exe" "-marionette" "-foreground" "-no-remote" "-profile" "C:\\Users\\chloe\\AppData\\Local\\Temp\\rust_mozprofile1KRALt"
JavaScript error: resource://gre/modules/XULStore.jsm, line 66: Error: Can't find profile directory.
console.error: SearchCache: "_readCacheFile: Error reading cache file:" (new Error("", "(unknown module)"))
1606135685391	Marionette	INFO	Listening on port 51064
1606135685470	Marionette	WARN	TLS certificate errors will be ignored for this session
Nov 23, 2020 12:48:05 PM org.openqa.selenium.remote.ProtocolHandshake createSession
INFO: Detected dialect: W3C
]]></system-err>
  </testcase>
</testsuite>